[20:19:21] [Server thread/INFO]: Starting minecraft server version 1.8.8
[20:19:21] [Server thread/INFO]: Loading properties
[20:19:21] [Server thread/INFO]: Default game type: SURVIVAL
[20:19:21] [Server thread/INFO]: This server is running PandaSpigot version git-PandaSpigot-85 (MC: 1.8.8) (Implementing API version 1.8.8-R0.1-SNAPSHOT) (Git: 158d845)
[20:19:21] [Server thread/INFO]: Debug logging is disabled
[20:19:21] [Server thread/INFO]: Server Ping Player Sample Count: 12
[20:19:21] [Server thread/INFO]: Spigot Timings: true - Verbose: true - Interval: 5m - Length: 60m
[20:19:21] [Server thread/INFO]: Using 4 threads for Netty based IO
[20:19:22] [Server thread/INFO]: Data value allowed items: 
[20:19:22] [Server thread/INFO]: Generating keypair
[20:19:22] [Server thread/INFO]: Starting Minecraft server on *:25565
[20:19:22] [Server thread/INFO]: Using default channel type
[20:19:22] [Server thread/INFO]: Set PluginClassLoader as parallel capable
[20:19:22] [Server thread/INFO]: [ProtocolSupport] Loading ProtocolSupport v4.23.dev
[20:19:22] [Server thread/INFO]: [ProtocolSupport] Allocator: PooledByteBufAllocator(directByDefault: true), direct: true
[20:19:22] [Server thread/INFO]: [ProtocolSupport] Compression level: 3
[20:19:22] [Server thread/INFO]: [ProtocolSupport] Assume 1.5.2 ping delay: 100
[20:19:22] [Server thread/INFO]: [ProtocolSupport] Assume legacy ping dealy: 200
[20:19:22] [Server thread/INFO]: [ProtocolSupport] Login threads max count: 8, keep alive time: 60
[20:19:22] [Server thread/WARN]: [ProtocolSupport] Native transport is enabled, this may causes issues. Disable it by setting use-native-transport in server.properties to false.
[20:19:22] [Server thread/INFO]: [ProtocolSupport] Using injected ServerConnection
[20:19:22] [Server thread/INFO]: [ProtocolSupport] Enabling ProtocolSupport v4.23.dev
[20:19:22] [Server thread/WARN]: **** SERVER IS RUNNING IN OFFLINE/INSECURE MODE!
[20:19:22] [Server thread/WARN]: The server will make no attempt to authenticate usernames. Beware.
[20:19:22] [Server thread/WARN]: While this makes the game possible to play without internet access, it also opens up the ability for hackers to connect with any username they choose.
[20:19:22] [Server thread/WARN]: To change this, set "online-mode" to "true" in the server.properties file.
[20:19:22] [Server thread/INFO]: **** Beginning UUID conversion, this may take A LONG time ****
[20:19:22] [Server thread/INFO]: Preparing level "world"
[20:19:22] [Server thread/INFO]: -------- World Settings For [world] --------
[20:19:22] [Server thread/INFO]: Item Despawn Rate: 6000
[20:19:22] [Server thread/INFO]: Item Merge Radius: 2.5
[20:19:22] [Server thread/INFO]: Arrow Despawn Rate: 1200
[20:19:22] [Server thread/INFO]: View Distance: 10
[20:19:22] [Server thread/INFO]: Allow Zombie Pigmen to spawn from portal blocks: true
[20:19:22] [Server thread/INFO]: Zombie Aggressive Towards Villager: true
[20:19:22] [Server thread/INFO]: Chunks to Grow per Tick: 650
[20:19:22] [Server thread/INFO]: Clear tick list: false
[20:19:22] [Server thread/INFO]: Experience Merge Radius: 3.0
[20:19:22] [Server thread/INFO]: Custom Map Seeds:  Village: 10387312 Feature: 14357617
[20:19:22] [Server thread/INFO]: Max Entity Collisions: 8
[20:19:22] [Server thread/INFO]: Nerfing mobs spawned from spawners: false
[20:19:22] [Server thread/INFO]: Mob Spawn Range: 4
[20:19:22] [Server thread/INFO]: Anti X-Ray: true
[20:19:22] [Server thread/INFO]: 	Engine Mode: 1
[20:19:22] [Server thread/INFO]: 	Hidden Blocks: [14, 15, 16, 21, 48, 49, 54, 56, 73, 74, 82, 129, 130]
[20:19:22] [Server thread/INFO]: 	Replace Blocks: [1, 5]
[20:19:22] [Server thread/INFO]: Structure Info Saving: true
[20:19:22] [Server thread/INFO]: Hopper Transfer: 8 Hopper Check: 8 Hopper Amount: 1
[20:19:22] [Server thread/INFO]: Cactus Growth Modifier: 100%
[20:19:22] [Server thread/INFO]: Cane Growth Modifier: 100%
[20:19:22] [Server thread/INFO]: Melon Growth Modifier: 100%
[20:19:22] [Server thread/INFO]: Mushroom Growth Modifier: 100%
[20:19:22] [Server thread/INFO]: Pumpkin Growth Modifier: 100%
[20:19:22] [Server thread/INFO]: Sapling Growth Modifier: 100%
[20:19:22] [Server thread/INFO]: Wheat Growth Modifier: 100%
[20:19:22] [Server thread/INFO]: NetherWart Growth Modifier: 100%
[20:19:22] [Server thread/INFO]: Max TNT Explosions: 100
[20:19:22] [Server thread/INFO]: Entity Tracking Range: Pl 48 / An 48 / Mo 48 / Mi 32 / Other 64
[20:19:22] [Server thread/INFO]: Random Lighting Updates: false
[20:19:22] [Server thread/INFO]: Tile Max Tick Time: 50ms Entity max Tick Time: 50ms
[20:19:22] [Server thread/INFO]: Entity Activation Range: An 32 / Mo 32 / Mi 16
[20:19:22] [Server thread/INFO]: Sending up to 10 chunks per packet
[20:19:22] [Server thread/INFO]: -------- World Settings For [world] --------
[20:19:22] [Server thread/INFO]: Fix TNT cannons: false
[20:19:22] [Server thread/INFO]: Water over lava flow speed: 5
[20:19:22] [Server thread/INFO]: Allow undead horse types to be leashed: false
[20:19:22] [Server thread/INFO]: Keep spawn chunk loaded: true
[20:19:22] [Server thread/INFO]: World async lighting: false
[20:19:22] [Server thread/INFO]: WorldServer TickNextTick cap set at 10000
[20:19:22] [Server thread/INFO]: WorldServer TickNextTickList cap always processes redstone: false
[20:19:22] [Server thread/INFO]: Remove invalid mob spawner tile entities: true
[20:19:22] [Server thread/INFO]: Player blocking damage multiplier set to 0.5
[20:19:22] [Server thread/INFO]: Max height for cactus growth 3. Max height for reed growth 3
[20:19:22] [Server thread/INFO]: Living Entity Despawn Ranges:  Soft: 32 Hard: 128
[20:19:22] [Server thread/INFO]: Squids will spawn between Y: 45.0 and Y: 63.0
[20:19:22] [Server thread/INFO]: -------- World Settings For [world_nether] --------
[20:19:22] [Server thread/INFO]: Item Despawn Rate: 6000
[20:19:22] [Server thread/INFO]: Item Merge Radius: 2.5
[20:19:22] [Server thread/INFO]: Arrow Despawn Rate: 1200
[20:19:22] [Server thread/INFO]: View Distance: 10
[20:19:22] [Server thread/INFO]: Allow Zombie Pigmen to spawn from portal blocks: true
[20:19:22] [Server thread/INFO]: Zombie Aggressive Towards Villager: true
[20:19:22] [Server thread/INFO]: Chunks to Grow per Tick: 650
[20:19:22] [Server thread/INFO]: Clear tick list: false
[20:19:22] [Server thread/INFO]: Experience Merge Radius: 3.0
[20:19:22] [Server thread/INFO]: Custom Map Seeds:  Village: 10387312 Feature: 14357617
[20:19:22] [Server thread/INFO]: Max Entity Collisions: 8
[20:19:22] [Server thread/INFO]: Nerfing mobs spawned from spawners: false
[20:19:22] [Server thread/INFO]: Mob Spawn Range: 4
[20:19:22] [Server thread/INFO]: Anti X-Ray: true
[20:19:22] [Server thread/INFO]: 	Engine Mode: 1
[20:19:22] [Server thread/INFO]: 	Hidden Blocks: [14, 15, 16, 21, 48, 49, 54, 56, 73, 74, 82, 129, 130]
[20:19:22] [Server thread/INFO]: 	Replace Blocks: [1, 5]
[20:19:22] [Server thread/INFO]: Structure Info Saving: true
[20:19:22] [Server thread/INFO]: Hopper Transfer: 8 Hopper Check: 8 Hopper Amount: 1
[20:19:22] [Server thread/INFO]: Cactus Growth Modifier: 100%
[20:19:22] [Server thread/INFO]: Cane Growth Modifier: 100%
[20:19:22] [Server thread/INFO]: Melon Growth Modifier: 100%
[20:19:22] [Server thread/INFO]: Mushroom Growth Modifier: 100%
[20:19:22] [Server thread/INFO]: Pumpkin Growth Modifier: 100%
[20:19:22] [Server thread/INFO]: Sapling Growth Modifier: 100%
[20:19:22] [Server thread/INFO]: Wheat Growth Modifier: 100%
[20:19:22] [Server thread/INFO]: NetherWart Growth Modifier: 100%
[20:19:22] [Server thread/INFO]: Max TNT Explosions: 100
[20:19:22] [Server thread/INFO]: Entity Tracking Range: Pl 48 / An 48 / Mo 48 / Mi 32 / Other 64
[20:19:22] [Server thread/INFO]: Random Lighting Updates: false
[20:19:22] [Server thread/INFO]: Tile Max Tick Time: 50ms Entity max Tick Time: 50ms
[20:19:22] [Server thread/INFO]: Entity Activation Range: An 32 / Mo 32 / Mi 16
[20:19:22] [Server thread/INFO]: Sending up to 10 chunks per packet
[20:19:22] [Server thread/INFO]: -------- World Settings For [world_nether] --------
[20:19:22] [Server thread/INFO]: Fix TNT cannons: false
[20:19:22] [Server thread/INFO]: Water over lava flow speed: 5
[20:19:22] [Server thread/INFO]: Allow undead horse types to be leashed: false
[20:19:22] [Server thread/INFO]: Keep spawn chunk loaded: true
[20:19:22] [Server thread/INFO]: World async lighting: false
[20:19:22] [Server thread/INFO]: WorldServer TickNextTick cap set at 10000
[20:19:22] [Server thread/INFO]: WorldServer TickNextTickList cap always processes redstone: false
[20:19:22] [Server thread/INFO]: Remove invalid mob spawner tile entities: true
[20:19:22] [Server thread/INFO]: Player blocking damage multiplier set to 0.5
[20:19:22] [Server thread/INFO]: Max height for cactus growth 3. Max height for reed growth 3
[20:19:22] [Server thread/INFO]: Living Entity Despawn Ranges:  Soft: 32 Hard: 128
[20:19:22] [Server thread/INFO]: Squids will spawn between Y: 45.0 and Y: 63.0
[20:19:22] [Server thread/INFO]: -------- World Settings For [world_the_end] --------
[20:19:22] [Server thread/INFO]: Item Despawn Rate: 6000
[20:19:22] [Server thread/INFO]: Item Merge Radius: 2.5
[20:19:22] [Server thread/INFO]: Arrow Despawn Rate: 1200
[20:19:22] [Server thread/INFO]: View Distance: 10
[20:19:22] [Server thread/INFO]: Allow Zombie Pigmen to spawn from portal blocks: true
[20:19:22] [Server thread/INFO]: Zombie Aggressive Towards Villager: true
[20:19:22] [Server thread/INFO]: Chunks to Grow per Tick: 650
[20:19:22] [Server thread/INFO]: Clear tick list: false
[20:19:22] [Server thread/INFO]: Experience Merge Radius: 3.0
[20:19:22] [Server thread/INFO]: Custom Map Seeds:  Village: 10387312 Feature: 14357617
[20:19:22] [Server thread/INFO]: Max Entity Collisions: 8
[20:19:22] [Server thread/INFO]: Nerfing mobs spawned from spawners: false
[20:19:22] [Server thread/INFO]: Mob Spawn Range: 4
[20:19:22] [Server thread/INFO]: Anti X-Ray: true
[20:19:22] [Server thread/INFO]: 	Engine Mode: 1
[20:19:22] [Server thread/INFO]: 	Hidden Blocks: [14, 15, 16, 21, 48, 49, 54, 56, 73, 74, 82, 129, 130]
[20:19:22] [Server thread/INFO]: 	Replace Blocks: [1, 5]
[20:19:22] [Server thread/INFO]: Structure Info Saving: true
[20:19:22] [Server thread/INFO]: Hopper Transfer: 8 Hopper Check: 8 Hopper Amount: 1
[20:19:22] [Server thread/INFO]: Cactus Growth Modifier: 100%
[20:19:22] [Server thread/INFO]: Cane Growth Modifier: 100%
[20:19:22] [Server thread/INFO]: Melon Growth Modifier: 100%
[20:19:22] [Server thread/INFO]: Mushroom Growth Modifier: 100%
[20:19:22] [Server thread/INFO]: Pumpkin Growth Modifier: 100%
[20:19:22] [Server thread/INFO]: Sapling Growth Modifier: 100%
[20:19:22] [Server thread/INFO]: Wheat Growth Modifier: 100%
[20:19:22] [Server thread/INFO]: NetherWart Growth Modifier: 100%
[20:19:22] [Server thread/INFO]: Max TNT Explosions: 100
[20:19:22] [Server thread/INFO]: Entity Tracking Range: Pl 48 / An 48 / Mo 48 / Mi 32 / Other 64
[20:19:22] [Server thread/INFO]: Random Lighting Updates: false
[20:19:22] [Server thread/INFO]: Tile Max Tick Time: 50ms Entity max Tick Time: 50ms
[20:19:22] [Server thread/INFO]: Entity Activation Range: An 32 / Mo 32 / Mi 16
[20:19:22] [Server thread/INFO]: Sending up to 10 chunks per packet
[20:19:22] [Server thread/INFO]: -------- World Settings For [world_the_end] --------
[20:19:22] [Server thread/INFO]: Fix TNT cannons: false
[20:19:22] [Server thread/INFO]: Water over lava flow speed: 5
[20:19:22] [Server thread/INFO]: Allow undead horse types to be leashed: false
[20:19:22] [Server thread/INFO]: Keep spawn chunk loaded: true
[20:19:22] [Server thread/INFO]: World async lighting: false
[20:19:22] [Server thread/INFO]: WorldServer TickNextTick cap set at 10000
[20:19:22] [Server thread/INFO]: WorldServer TickNextTickList cap always processes redstone: false
[20:19:22] [Server thread/INFO]: Remove invalid mob spawner tile entities: true
[20:19:22] [Server thread/INFO]: Player blocking damage multiplier set to 0.5
[20:19:22] [Server thread/INFO]: Max height for cactus growth 3. Max height for reed growth 3
[20:19:22] [Server thread/INFO]: Living Entity Despawn Ranges:  Soft: 32 Hard: 128
[20:19:22] [Server thread/INFO]: Squids will spawn between Y: 45.0 and Y: 63.0
[20:19:22] [Server thread/INFO]: Preparing start region for level 0 (Seed: -4333111594309591006)
[20:19:23] [Server thread/INFO]: Preparing start region for level 1 (Seed: -4333111594309591006)
[20:19:23] [Server thread/INFO]: Preparing start region for level 2 (Seed: -4333111594309591006)
[20:19:23] [Server thread/INFO]: Server permissions file permissions.yml is empty, ignoring it
[20:19:23] [Server thread/INFO]: Done (1.037s)! For help, type "help" or "?"
[20:19:23] [Server thread/INFO]: Timings Reset
